Waf: Entering directory `/home/liad/NS3/ns-allinone-3.19/ns-3.19/build'
[ 791/1649] cxx: scratch/iolsr-tests-mitigation_60-100.cc -> build/scratch/iolsr-tests-mitigation_60-100.cc.18.o
[1630/1649] cxxprogram: build/scratch/iolsr-tests-mitigation_60-100.cc.18.o -> build/scratch/iolsr-tests-mitigation_60-100
Waf: Leaving directory `/home/liad/NS3/ns-allinone-3.19/ns-3.19/build'
'build' finished successfully (3.115s)
Sequence Number: 0, Delay: +22757647.0ns
Sequence Number: 1, Delay: +4338557.0ns
Sequence Number: 2, Delay: +5419546.0ns
Sequence Number: 3, Delay: +4338526.0ns
Sequence Number: 4, Delay: +5329502.0ns
Sequence Number: 5, Delay: +4338507.0ns
Sequence Number: 6, Delay: +4338541.0ns
Sequence Number: 7, Delay: +4338540.0ns
Sequence Number: 8, Delay: +4810592.0ns
Sequence Number: 9, Delay: +3452353.0ns
Sequence Number: 10, Delay: +6580368.0ns
Sequence Number: 11, Delay: +3452372.0ns
Sequence Number: 12, Delay: +17102679.0ns
Sequence Number: 13, Delay: +3452397.0ns
Sequence Number: 15, Delay: +4479418.0ns
Sequence Number: 16, Delay: +3452420.0ns
Finished simulation 560 at 19:57:01  😃. Execution duration: 181 sec.
Waf: Entering directory `/home/liad/NS3/ns-allinone-3.19/ns-3.19/build'
Waf: Leaving directory `/home/liad/NS3/ns-allinone-3.19/ns-3.19/build'
'build' finished successfully (0.485s)
Sequence Number: 0, Delay: +43409074.0ns
Sequence Number: 1, Delay: +20755422.0ns
Sequence Number: 2, Delay: +6111356.0ns
Sequence Number: 3, Delay: +6111366.0ns
Sequence Number: 4, Delay: +6111364.0ns
Sequence Number: 5, Delay: +6111293.0ns
Sequence Number: 6, Delay: +6111255.0ns
Sequence Number: 7, Delay: +6111248.0ns
Sequence Number: 8, Delay: +6111241.0ns
Sequence Number: 9, Delay: +6111211.0ns
Sequence Number: 10, Delay: +6111158.0ns
Sequence Number: 11, Delay: +6111179.0ns
Sequence Number: 12, Delay: +13703884.0ns
Sequence Number: 13, Delay: +6111200.0ns
Sequence Number: 14, Delay: +6111240.0ns
Sequence Number: 15, Delay: +6111248.0ns
Sequence Number: 16, Delay: +6111219.0ns
Sequence Number: 17, Delay: +6111240.0ns
Finished simulation 565 at 19:59:45  😃. Execution duration: 164 sec.
Waf: Entering directory `/home/liad/NS3/ns-allinone-3.19/ns-3.19/build'
Waf: Leaving directory `/home/liad/NS3/ns-allinone-3.19/ns-3.19/build'
'build' finished successfully (0.506s)
Sequence Number: 0, Delay: +38308361.0ns
Sequence Number: 1, Delay: +15062146.0ns
Sequence Number: 2, Delay: +5225137.0ns
Sequence Number: 3, Delay: +5225133.0ns
Sequence Number: 4, Delay: +5225130.0ns
Sequence Number: 5, Delay: +5225147.0ns
Sequence Number: 8, Delay: +5225130.0ns
Sequence Number: 9, Delay: +5225146.0ns
Sequence Number: 16, Delay: +12904200.0ns
Sequence Number: 17, Delay: +6111220.0ns
Finished simulation 572 at 20:02:53  😃. Execution duration: 188 sec.
Waf: Entering directory `/home/liad/NS3/ns-allinone-3.19/ns-3.19/build'
Waf: Leaving directory `/home/liad/NS3/ns-allinone-3.19/ns-3.19/build'
'build' finished successfully (0.476s)
Sequence Number: 0, Delay: +24807684.0ns
Sequence Number: 4, Delay: +20567927.0ns
Sequence Number: 5, Delay: +3452050.0ns
Sequence Number: 6, Delay: +3452045.0ns
Sequence Number: 7, Delay: +3452047.0ns
Sequence Number: 8, Delay: +3452043.0ns
Sequence Number: 9, Delay: +3452035.0ns
Sequence Number: 10, Delay: +3452021.0ns
Sequence Number: 11, Delay: +3452004.0ns
Sequence Number: 15, Delay: +10006554.0ns
Sequence Number: 16, Delay: +3452133.0ns
Sequence Number: 17, Delay: +3452146.0ns
Finished simulation 576 at 20:06:02  😃. Execution duration: 189 sec.
Waf: Entering directory `/home/liad/NS3/ns-allinone-3.19/ns-3.19/build'
Waf: Leaving directory `/home/liad/NS3/ns-allinone-3.19/ns-3.19/build'
'build' finished successfully (0.487s)
Finished simulation 588 at 20:09:26  😃. Execution duration: 204 sec.
Waf: Entering directory `/home/liad/NS3/ns-allinone-3.19/ns-3.19/build'
Waf: Leaving directory `/home/liad/NS3/ns-allinone-3.19/ns-3.19/build'
'build' finished successfully (0.483s)
Sequence Number: 0, Delay: +19745936.0ns
Sequence Number: 1, Delay: +2565326.0ns
Sequence Number: 2, Delay: +2565328.0ns
Sequence Number: 3, Delay: +2565330.0ns
Sequence Number: 4, Delay: +2565330.0ns
Sequence Number: 5, Delay: +2565339.0ns
Sequence Number: 6, Delay: +2565398.0ns
Sequence Number: 9, Delay: +18068030.0ns
Sequence Number: 10, Delay: +11972335.0ns
Sequence Number: 11, Delay: +2565398.0ns
Sequence Number: 12, Delay: +2565401.0ns
Sequence Number: 13, Delay: +2565389.0ns
Finished simulation 593 at 20:12:28  😃. Execution duration: 182 sec.
Waf: Entering directory `/home/liad/NS3/ns-allinone-3.19/ns-3.19/build'
Waf: Leaving directory `/home/liad/NS3/ns-allinone-3.19/ns-3.19/build'
'build' finished successfully (0.474s)
Sequence Number: 0, Delay: +39594191.0ns
Sequence Number: 5, Delay: +16122324.0ns
Sequence Number: 6, Delay: +8875615.0ns
Finished simulation 601 at 20:14:27  😃. Execution duration: 119 sec.
Waf: Entering directory `/home/liad/NS3/ns-allinone-3.19/ns-3.19/build'
Waf: Leaving directory `/home/liad/NS3/ns-allinone-3.19/ns-3.19/build'
'build' finished successfully (0.488s)
Sequence Number: 0, Delay: +14100563.0ns
Sequence Number: 1, Delay: +4338530.0ns
Sequence Number: 2, Delay: +4338521.0ns
Finished simulation 604 at 20:17:22  😃. Execution duration: 175 sec.
Waf: Entering directory `/home/liad/NS3/ns-allinone-3.19/ns-3.19/build'
Waf: Leaving directory `/home/liad/NS3/ns-allinone-3.19/ns-3.19/build'
'build' finished successfully (0.494s)
Finished simulation 606 at 20:20:08  😃. Execution duration: 166 sec.
Waf: Entering directory `/home/liad/NS3/ns-allinone-3.19/ns-3.19/build'
Waf: Leaving directory `/home/liad/NS3/ns-allinone-3.19/ns-3.19/build'
'build' finished successfully (0.493s)
Sequence Number: 1, Delay: +18015007.0ns
Finished simulation 612 at 20:23:09  😃. Execution duration: 181 sec.
Waf: Entering directory `/home/liad/NS3/ns-allinone-3.19/ns-3.19/build'
Waf: Leaving directory `/home/liad/NS3/ns-allinone-3.19/ns-3.19/build'
'build' finished successfully (0.474s)
Finished simulation 614 at 20:25:47  😃. Execution duration: 158 sec.
Waf: Entering directory `/home/liad/NS3/ns-allinone-3.19/ns-3.19/build'
Waf: Leaving directory `/home/liad/NS3/ns-allinone-3.19/ns-3.19/build'
'build' finished successfully (0.493s)
Sequence Number: 0, Delay: +24286172.0ns
Sequence Number: 1, Delay: +5224722.0ns
Sequence Number: 2, Delay: +5224706.0ns
Sequence Number: 3, Delay: +24191164.0ns
Sequence Number: 4, Delay: +5224856.0ns
Sequence Number: 5, Delay: +5224860.0ns
Sequence Number: 6, Delay: +11935481.0ns
Sequence Number: 8, Delay: +5224730.0ns
Sequence Number: 9, Delay: +5224724.0ns
Sequence Number: 10, Delay: +5224722.0ns
Sequence Number: 11, Delay: +20851313.0ns
Sequence Number: 12, Delay: +5224968.0ns
Sequence Number: 13, Delay: +5224960.0ns
Sequence Number: 14, Delay: +5224933.0ns
Sequence Number: 15, Delay: +5224924.0ns
Sequence Number: 16, Delay: +5224935.0ns
Sequence Number: 17, Delay: +5224907.0ns
Finished simulation 615 at 20:28:16  😃. Execution duration: 149 sec.
Waf: Entering directory `/home/liad/NS3/ns-allinone-3.19/ns-3.19/build'
Waf: Leaving directory `/home/liad/NS3/ns-allinone-3.19/ns-3.19/build'
'build' finished successfully (0.487s)
Sequence Number: 6, Delay: +35831736.0ns
Finished simulation 617 at 20:30:24  😃. Execution duration: 128 sec.
Waf: Entering directory `/home/liad/NS3/ns-allinone-3.19/ns-3.19/build'
Waf: Leaving directory `/home/liad/NS3/ns-allinone-3.19/ns-3.19/build'
'build' finished successfully (0.473s)
Sequence Number: 0, Delay: +33168452.0ns
Sequence Number: 1, Delay: +4338470.0ns
Sequence Number: 2, Delay: +4338470.0ns
Sequence Number: 3, Delay: +4338475.0ns
Sequence Number: 4, Delay: +4338488.0ns
Sequence Number: 5, Delay: +4338506.0ns
Sequence Number: 6, Delay: +5311526.0ns
Sequence Number: 7, Delay: +4338549.0ns
Sequence Number: 8, Delay: +4338540.0ns
Sequence Number: 9, Delay: +4338546.0ns
Sequence Number: 10, Delay: +4338568.0ns
Sequence Number: 11, Delay: +12148737.0ns
Sequence Number: 12, Delay: +4338540.0ns
Sequence Number: 13, Delay: +5559304.0ns
Sequence Number: 14, Delay: +4338508.0ns
Sequence Number: 15, Delay: +4338514.0ns
Sequence Number: 16, Delay: +4338533.0ns
Sequence Number: 17, Delay: +4338542.0ns
Finished simulation 619 at 20:33:19  😃. Execution duration: 175 sec.
Waf: Entering directory `/home/liad/NS3/ns-allinone-3.19/ns-3.19/build'
Waf: Leaving directory `/home/liad/NS3/ns-allinone-3.19/ns-3.19/build'
'build' finished successfully (0.483s)
Sequence Number: 0, Delay: +25688464.0ns
Sequence Number: 1, Delay: +6111518.0ns
Finished simulation 620 at 20:35:35  😃. Execution duration: 136 sec.
Waf: Entering directory `/home/liad/NS3/ns-allinone-3.19/ns-3.19/build'
Waf: Leaving directory `/home/liad/NS3/ns-allinone-3.19/ns-3.19/build'
'build' finished successfully (0.480s)
Finished simulation 623 at 20:38:01  😃. Execution duration: 146 sec.
Waf: Entering directory `/home/liad/NS3/ns-allinone-3.19/ns-3.19/build'
Waf: Leaving directory `/home/liad/NS3/ns-allinone-3.19/ns-3.19/build'
'build' finished successfully (0.480s)
Sequence Number: 0, Delay: +27888867.0ns
Sequence Number: 4, Delay: +15253529.0ns
Sequence Number: 5, Delay: +3452208.0ns
Sequence Number: 6, Delay: +3453643.0ns
Sequence Number: 7, Delay: +4407214.0ns
Sequence Number: 8, Delay: +3452174.0ns
Sequence Number: 9, Delay: +3452148.0ns
Sequence Number: 10, Delay: +3452136.0ns
Sequence Number: 11, Delay: +17207124.0ns
Sequence Number: 12, Delay: +3451797.0ns
Finished simulation 629 at 20:39:58  😃. Execution duration: 117 sec.
Waf: Entering directory `/home/liad/NS3/ns-allinone-3.19/ns-3.19/build'
Waf: Leaving directory `/home/liad/NS3/ns-allinone-3.19/ns-3.19/build'
'build' finished successfully (0.473s)
Sequence Number: 0, Delay: +14407811.0ns
Sequence Number: 1, Delay: +1678924.0ns
Sequence Number: 2, Delay: +1678907.0ns
Sequence Number: 3, Delay: +1678907.0ns
Sequence Number: 4, Delay: +1678924.0ns
Sequence Number: 5, Delay: +1678913.0ns
Sequence Number: 6, Delay: +1678914.0ns
Sequence Number: 7, Delay: +1678931.0ns
Sequence Number: 8, Delay: +1678916.0ns
Sequence Number: 9, Delay: +1678907.0ns
Sequence Number: 10, Delay: +1678905.0ns
Sequence Number: 11, Delay: +1678905.0ns
Sequence Number: 12, Delay: +1678913.0ns
Sequence Number: 13, Delay: +1678931.0ns
Sequence Number: 14, Delay: +1678920.0ns
Sequence Number: 15, Delay: +1678910.0ns
Sequence Number: 16, Delay: +1678904.0ns
Sequence Number: 17, Delay: +1678881.0ns
Finished simulation 631 at 20:43:03  😃. Execution duration: 185 sec.
Waf: Entering directory `/home/liad/NS3/ns-allinone-3.19/ns-3.19/build'
Waf: Leaving directory `/home/liad/NS3/ns-allinone-3.19/ns-3.19/build'
'build' finished successfully (0.481s)
Sequence Number: 1, Delay: +15923837.0ns
Sequence Number: 2, Delay: +2565264.0ns
Sequence Number: 3, Delay: +2565253.0ns
Sequence Number: 4, Delay: +2565245.0ns
Sequence Number: 9, Delay: +11823881.0ns
Sequence Number: 13, Delay: +2565328.0ns
Sequence Number: 14, Delay: +2565315.0ns
Sequence Number: 15, Delay: +2565308.0ns
Sequence Number: 16, Delay: +2565308.0ns
Sequence Number: 17, Delay: +2565308.0ns
Finished simulation 634 at 20:45:13  😃. Execution duration: 130 sec.
Waf: Entering directory `/home/liad/NS3/ns-allinone-3.19/ns-3.19/build'
Waf: Leaving directory `/home/liad/NS3/ns-allinone-3.19/ns-3.19/build'
'build' finished successfully (0.483s)
Sequence Number: 3, Delay: +3015631045.0ns
Sequence Number: 4, Delay: +1016599181.0ns
Sequence Number: 5, Delay: +5225296.0ns
Sequence Number: 6, Delay: +5225295.0ns
Sequence Number: 7, Delay: +5225293.0ns
Sequence Number: 8, Delay: +5225269.0ns
Sequence Number: 9, Delay: +6297247.0ns
Sequence Number: 10, Delay: +5225225.0ns
Sequence Number: 11, Delay: +5225199.0ns
Sequence Number: 12, Delay: +5225189.0ns
Sequence Number: 13, Delay: +5225196.0ns
Sequence Number: 14, Delay: +5225201.0ns
Sequence Number: 15, Delay: +5225201.0ns
Sequence Number: 16, Delay: +5225196.0ns
Finished simulation 635 at 20:48:38  😃. Execution duration: 205 sec.
Waf: Entering directory `/home/liad/NS3/ns-allinone-3.19/ns-3.19/build'
Waf: Leaving directory `/home/liad/NS3/ns-allinone-3.19/ns-3.19/build'
'build' finished successfully (0.487s)
Finished simulation 636 at 20:50:20  😃. Execution duration: 102 sec.
Waf: Entering directory `/home/liad/NS3/ns-allinone-3.19/ns-3.19/build'
Waf: Leaving directory `/home/liad/NS3/ns-allinone-3.19/ns-3.19/build'
'build' finished successfully (0.481s)
Sequence Number: 1, Delay: +38746467.0ns
Sequence Number: 5, Delay: +12458848.0ns
Sequence Number: 6, Delay: +9657930.0ns
Finished simulation 639 at 20:53:22  😃. Execution duration: 182 sec.
Waf: Entering directory `/home/liad/NS3/ns-allinone-3.19/ns-3.19/build'
Waf: Leaving directory `/home/liad/NS3/ns-allinone-3.19/ns-3.19/build'
'build' finished successfully (0.488s)
Sequence Number: 2, Delay: +10252466.0ns
Sequence Number: 3, Delay: +20570837.0ns
Sequence Number: 4, Delay: +3451957.0ns
Sequence Number: 5, Delay: +3451987.0ns
Sequence Number: 6, Delay: +3452023.0ns
Sequence Number: 7, Delay: +3452064.0ns
Sequence Number: 12, Delay: +3452082.0ns
Sequence Number: 11, Delay: +3005023532.0ns
Sequence Number: 13, Delay: +3452113.0ns
Sequence Number: 17, Delay: +8837027.0ns
Finished simulation 640 at 20:55:59  😃. Execution duration: 157 sec.
Waf: Entering directory `/home/liad/NS3/ns-allinone-3.19/ns-3.19/build'
Waf: Leaving directory `/home/liad/NS3/ns-allinone-3.19/ns-3.19/build'
'build' finished successfully (0.475s)
Finished simulation 644 at 20:58:25  😃. Execution duration: 146 sec.
Waf: Entering directory `/home/liad/NS3/ns-allinone-3.19/ns-3.19/build'
Waf: Leaving directory `/home/liad/NS3/ns-allinone-3.19/ns-3.19/build'
'build' finished successfully (0.495s)
Sequence Number: 0, Delay: +9819055.0ns
Sequence Number: 1, Delay: +2565549.0ns
Sequence Number: 2, Delay: +2565534.0ns
Sequence Number: 3, Delay: +2565531.0ns
Sequence Number: 4, Delay: +10200920.0ns
Sequence Number: 5, Delay: +2565617.0ns
Sequence Number: 6, Delay: +2565588.0ns
Sequence Number: 7, Delay: +2565560.0ns
Sequence Number: 8, Delay: +2565533.0ns
Sequence Number: 9, Delay: +17420642.0ns
Sequence Number: 10, Delay: +2565629.0ns
Sequence Number: 13, Delay: +2565649.0ns
Sequence Number: 14, Delay: +2565636.0ns
Sequence Number: 15, Delay: +2565622.0ns
Sequence Number: 16, Delay: +2565606.0ns
Sequence Number: 17, Delay: +2565582.0ns
Finished simulation 646 at 21:01:55  😃. Execution duration: 210 sec.
Waf: Entering directory `/home/liad/NS3/ns-allinone-3.19/ns-3.19/build'
Waf: Leaving directory `/home/liad/NS3/ns-allinone-3.19/ns-3.19/build'
'build' finished successfully (0.485s)
Sequence Number: 0, Delay: +21969225.0ns
Sequence Number: 1, Delay: +3452073.0ns
Sequence Number: 7, Delay: +3452037.0ns
Sequence Number: 8, Delay: +3452034.0ns
Sequence Number: 9, Delay: +3452027.0ns
Sequence Number: 10, Delay: +3452016.0ns
Sequence Number: 11, Delay: +3452011.0ns
Sequence Number: 12, Delay: +3452018.0ns
Sequence Number: 13, Delay: +12749364.0ns
Sequence Number: 17, Delay: +16337255.0ns
Finished simulation 647 at 21:04:36  😃. Execution duration: 161 sec.
Waf: Entering directory `/home/liad/NS3/ns-allinone-3.19/ns-3.19/build'
Waf: Leaving directory `/home/liad/NS3/ns-allinone-3.19/ns-3.19/build'
'build' finished successfully (0.480s)
Sequence Number: 0, Delay: +51677033.0ns
Sequence Number: 1, Delay: +6997994.0ns
Sequence Number: 2, Delay: +25017725.0ns
Sequence Number: 3, Delay: +12861963.0ns
Sequence Number: 4, Delay: +6998059.0ns
Sequence Number: 5, Delay: +6998026.0ns
Sequence Number: 6, Delay: +6998021.0ns
Sequence Number: 7, Delay: +6998048.0ns
Sequence Number: 8, Delay: +6998048.0ns
Sequence Number: 9, Delay: +6998047.0ns
Sequence Number: 11, Delay: +6998033.0ns
Sequence Number: 12, Delay: +6998039.0ns
Sequence Number: 13, Delay: +9233568.0ns
Sequence Number: 14, Delay: +17111477.0ns
Sequence Number: 15, Delay: +6997858.0ns
Sequence Number: 16, Delay: +6998027.0ns
Sequence Number: 17, Delay: +6998011.0ns
Finished simulation 649 at 21:07:29  😃. Execution duration: 173 sec.
