Waf: Entering directory `/home/liad/NS3/ns-allinone-3.19/ns-3.19/build'
[ 791/1649] cxx: scratch/iolsr-tests-mitigation_60-100.cc -> build/scratch/iolsr-tests-mitigation_60-100.cc.18.o
[1622/1649] cxxprogram: build/scratch/iolsr-tests-mitigation_60-100.cc.18.o -> build/scratch/iolsr-tests-mitigation_60-100
Waf: Leaving directory `/home/liad/NS3/ns-allinone-3.19/ns-3.19/build'
'build' finished successfully (7.107s)
Sequence Number: 3, Delay: +1026025142.0ns
Sequence Number: 4, Delay: +15365286.0ns
Sequence Number: 5, Delay: +8763322.0ns
Sequence Number: 6, Delay: +4338466.0ns
Sequence Number: 7, Delay: +4338499.0ns
Sequence Number: 8, Delay: +1009752079.0ns
Sequence Number: 9, Delay: +2565720.0ns
Sequence Number: 10, Delay: +2565743.0ns
Sequence Number: 11, Delay: +2565775.0ns
Sequence Number: 12, Delay: +4844799.0ns
Sequence Number: 15, Delay: +10912832.0ns
Sequence Number: 16, Delay: +10264068.0ns
Sequence Number: 17, Delay: +2565701.0ns
Finished simulation 560 at 12:43:08  😃. Execution duration: 778 sec.
Waf: Entering directory `/home/liad/NS3/ns-allinone-3.19/ns-3.19/build'
Waf: Leaving directory `/home/liad/NS3/ns-allinone-3.19/ns-3.19/build'
'build' finished successfully (0.473s)
Finished simulation 565 at 12:52:52  😃. Execution duration: 584 sec.
Waf: Entering directory `/home/liad/NS3/ns-allinone-3.19/ns-3.19/build'
Waf: Leaving directory `/home/liad/NS3/ns-allinone-3.19/ns-3.19/build'
'build' finished successfully (0.479s)
Sequence Number: 0, Delay: +6564835.0ns
Sequence Number: 1, Delay: +1678938.0ns
Sequence Number: 2, Delay: +1678933.0ns
Sequence Number: 3, Delay: +1678936.0ns
Sequence Number: 4, Delay: +1678950.0ns
Sequence Number: 5, Delay: +1678957.0ns
Sequence Number: 6, Delay: +1678956.0ns
Sequence Number: 7, Delay: +1678947.0ns
Sequence Number: 8, Delay: +1678945.0ns
Sequence Number: 9, Delay: +1678933.0ns
Sequence Number: 10, Delay: +2597911.0ns
Sequence Number: 11, Delay: +1678892.0ns
Sequence Number: 12, Delay: +1678884.0ns
Sequence Number: 13, Delay: +1678892.0ns
Sequence Number: 17, Delay: +11438527.0ns
Finished simulation 572 at 13:09:26  😃. Execution duration: 994 sec.
Waf: Entering directory `/home/liad/NS3/ns-allinone-3.19/ns-3.19/build'
Waf: Leaving directory `/home/liad/NS3/ns-allinone-3.19/ns-3.19/build'
'build' finished successfully (0.532s)
Sequence Number: 0, Delay: +26535911.0ns
Sequence Number: 1, Delay: +2565651.0ns
Sequence Number: 4, Delay: +12305875.0ns
Sequence Number: 5, Delay: +3451466.0ns
Sequence Number: 6, Delay: +12471370.0ns
Sequence Number: 7, Delay: +5886378.0ns
Sequence Number: 8, Delay: +2565427.0ns
Sequence Number: 11, Delay: +6799994.0ns
Sequence Number: 12, Delay: +20479532.0ns
Sequence Number: 13, Delay: +4338315.0ns
Sequence Number: 14, Delay: +18049745.0ns
Sequence Number: 16, Delay: +20316649.0ns
Finished simulation 576 at 13:21:13  😃. Execution duration: 707 sec.
Waf: Entering directory `/home/liad/NS3/ns-allinone-3.19/ns-3.19/build'
Waf: Leaving directory `/home/liad/NS3/ns-allinone-3.19/ns-3.19/build'
'build' finished successfully (0.482s)
Sequence Number: 1, Delay: +18662809.0ns
Sequence Number: 2, Delay: +13198793.0ns
Sequence Number: 3, Delay: +3452054.0ns
Sequence Number: 4, Delay: +3452059.0ns
Sequence Number: 5, Delay: +3452071.0ns
Sequence Number: 6, Delay: +3452082.0ns
Sequence Number: 7, Delay: +3452096.0ns
Sequence Number: 8, Delay: +3452076.0ns
Sequence Number: 9, Delay: +3452063.0ns
Sequence Number: 10, Delay: +3452060.0ns
Sequence Number: 12, Delay: +3452072.0ns
Sequence Number: 13, Delay: +3452055.0ns
Sequence Number: 14, Delay: +3452084.0ns
Sequence Number: 16, Delay: +3452055.0ns
Sequence Number: 17, Delay: +3452040.0ns
Finished simulation 588 at 13:32:41  😃. Execution duration: 688 sec.
Waf: Entering directory `/home/liad/NS3/ns-allinone-3.19/ns-3.19/build'
Waf: Leaving directory `/home/liad/NS3/ns-allinone-3.19/ns-3.19/build'
'build' finished successfully (0.495s)
Sequence Number: 1, Delay: +29113591.0ns
Sequence Number: 2, Delay: +3452192.0ns
Sequence Number: 6, Delay: +1023109098.0ns
Sequence Number: 7, Delay: +4338357.0ns
Sequence Number: 8, Delay: +4338340.0ns
Sequence Number: 9, Delay: +4338333.0ns
Sequence Number: 10, Delay: +4338337.0ns
Sequence Number: 11, Delay: +22572649.0ns
Sequence Number: 12, Delay: +4338620.0ns
Sequence Number: 13, Delay: +4338329.0ns
Sequence Number: 14, Delay: +17389094.0ns
Sequence Number: 15, Delay: +4338489.0ns
Sequence Number: 16, Delay: +4338493.0ns
Finished simulation 593 at 13:42:36  😃. Execution duration: 595 sec.
Waf: Entering directory `/home/liad/NS3/ns-allinone-3.19/ns-3.19/build'
Waf: Leaving directory `/home/liad/NS3/ns-allinone-3.19/ns-3.19/build'
'build' finished successfully (0.500s)
Sequence Number: 0, Delay: +15479778.0ns
Sequence Number: 6, Delay: +10425763.0ns
Sequence Number: 7, Delay: +1678920.0ns
Sequence Number: 8, Delay: +1678935.0ns
Sequence Number: 9, Delay: +1678939.0ns
Sequence Number: 10, Delay: +1678933.0ns
Sequence Number: 11, Delay: +1678919.0ns
Sequence Number: 12, Delay: +1678912.0ns
Sequence Number: 13, Delay: +1678913.0ns
Sequence Number: 14, Delay: +1678921.0ns
Sequence Number: 15, Delay: +8465643.0ns
Sequence Number: 16, Delay: +1678868.0ns
Sequence Number: 17, Delay: +1678852.0ns
Finished simulation 601 at 13:55:25  😃. Execution duration: 769 sec.
Waf: Entering directory `/home/liad/NS3/ns-allinone-3.19/ns-3.19/build'
Waf: Leaving directory `/home/liad/NS3/ns-allinone-3.19/ns-3.19/build'
'build' finished successfully (0.496s)
Sequence Number: 0, Delay: +15642993.0ns
Sequence Number: 1, Delay: +4754694.0ns
Sequence Number: 2, Delay: +2565391.0ns
Sequence Number: 3, Delay: +2565357.0ns
Sequence Number: 4, Delay: +2565326.0ns
Sequence Number: 5, Delay: +2565316.0ns
Sequence Number: 6, Delay: +11122386.0ns
Sequence Number: 7, Delay: +1679147.0ns
Sequence Number: 8, Delay: +1679166.0ns
Sequence Number: 10, Delay: +1679142.0ns
Sequence Number: 11, Delay: +1679149.0ns
Sequence Number: 12, Delay: +1679137.0ns
Sequence Number: 13, Delay: +1679107.0ns
Sequence Number: 14, Delay: +1679102.0ns
Sequence Number: 15, Delay: +1679087.0ns
Sequence Number: 16, Delay: +13453075.0ns
Sequence Number: 17, Delay: +1679031.0ns
Finished simulation 604 at 14:08:03  😃. Execution duration: 758 sec.
Waf: Entering directory `/home/liad/NS3/ns-allinone-3.19/ns-3.19/build'
Waf: Leaving directory `/home/liad/NS3/ns-allinone-3.19/ns-3.19/build'
'build' finished successfully (0.513s)
Sequence Number: 0, Delay: +22607974.0ns
Sequence Number: 1, Delay: +2565663.0ns
Sequence Number: 5, Delay: +14122109.0ns
Sequence Number: 6, Delay: +16951561.0ns
Sequence Number: 7, Delay: +4425195.0ns
Sequence Number: 8, Delay: +3452163.0ns
Sequence Number: 9, Delay: +3452143.0ns
Sequence Number: 10, Delay: +3451707.0ns
Sequence Number: 11, Delay: +3451711.0ns
Sequence Number: 12, Delay: +15695596.0ns
Sequence Number: 13, Delay: +3451955.0ns
Sequence Number: 14, Delay: +12226727.0ns
Sequence Number: 16, Delay: +3452274.0ns
Sequence Number: 17, Delay: +5632274.0ns
Finished simulation 606 at 14:19:55  😃. Execution duration: 712 sec.
Waf: Entering directory `/home/liad/NS3/ns-allinone-3.19/ns-3.19/build'
Waf: Leaving directory `/home/liad/NS3/ns-allinone-3.19/ns-3.19/build'
'build' finished successfully (0.497s)
Sequence Number: 0, Delay: +20126423.0ns
Sequence Number: 1, Delay: +19075799.0ns
Sequence Number: 2, Delay: +4338095.0ns
Sequence Number: 3, Delay: +4338106.0ns
Sequence Number: 4, Delay: +4338106.0ns
Sequence Number: 5, Delay: +4338100.0ns
Sequence Number: 9, Delay: +5594400.0ns
Sequence Number: 10, Delay: +4338145.0ns
Sequence Number: 14, Delay: +9765279.0ns
Sequence Number: 15, Delay: +3452091.0ns
Sequence Number: 16, Delay: +3452099.0ns
Finished simulation 612 at 14:31:48  😃. Execution duration: 713 sec.
Waf: Entering directory `/home/liad/NS3/ns-allinone-3.19/ns-3.19/build'
Waf: Leaving directory `/home/liad/NS3/ns-allinone-3.19/ns-3.19/build'
'build' finished successfully (0.495s)
Sequence Number: 3, Delay: +18688494.0ns
Sequence Number: 4, Delay: +2565520.0ns
Sequence Number: 5, Delay: +2565524.0ns
Sequence Number: 6, Delay: +2565533.0ns
Sequence Number: 7, Delay: +2565545.0ns
Sequence Number: 8, Delay: +2565558.0ns
Sequence Number: 9, Delay: +2565580.0ns
Sequence Number: 13, Delay: +20637876.0ns
Sequence Number: 14, Delay: +9312462.0ns
Sequence Number: 15, Delay: +2565378.0ns
Sequence Number: 16, Delay: +2565372.0ns
Sequence Number: 17, Delay: +2565524.0ns
Finished simulation 614 at 14:43:45  😃. Execution duration: 717 sec.
Waf: Entering directory `/home/liad/NS3/ns-allinone-3.19/ns-3.19/build'
Waf: Leaving directory `/home/liad/NS3/ns-allinone-3.19/ns-3.19/build'
'build' finished successfully (0.504s)
Sequence Number: 3, Delay: +9163738.0ns
Sequence Number: 4, Delay: +26670224.0ns
Sequence Number: 5, Delay: +2565388.0ns
Sequence Number: 6, Delay: +2565383.0ns
Sequence Number: 7, Delay: +2565393.0ns
Sequence Number: 8, Delay: +2565390.0ns
Sequence Number: 9, Delay: +2565402.0ns
Sequence Number: 10, Delay: +2565428.0ns
Sequence Number: 11, Delay: +2565427.0ns
Sequence Number: 15, Delay: +9227998.0ns
Sequence Number: 16, Delay: +2565660.0ns
Sequence Number: 17, Delay: +2565655.0ns
Finished simulation 615 at 14:57:05  😃. Execution duration: 800 sec.
Waf: Entering directory `/home/liad/NS3/ns-allinone-3.19/ns-3.19/build'
Waf: Leaving directory `/home/liad/NS3/ns-allinone-3.19/ns-3.19/build'
'build' finished successfully (0.490s)
Sequence Number: 5, Delay: +3011429319.0ns
Finished simulation 617 at 15:10:59  😃. Execution duration: 834 sec.
Waf: Entering directory `/home/liad/NS3/ns-allinone-3.19/ns-3.19/build'
Waf: Leaving directory `/home/liad/NS3/ns-allinone-3.19/ns-3.19/build'
'build' finished successfully (0.538s)
Sequence Number: 0, Delay: +12763981.0ns
Sequence Number: 1, Delay: +2565346.0ns
Sequence Number: 2, Delay: +2565332.0ns
Sequence Number: 3, Delay: +2565325.0ns
Sequence Number: 4, Delay: +2565320.0ns
Sequence Number: 5, Delay: +2565308.0ns
Sequence Number: 6, Delay: +2565306.0ns
Sequence Number: 7, Delay: +2565313.0ns
Sequence Number: 8, Delay: +2565301.0ns
Sequence Number: 9, Delay: +2565294.0ns
Sequence Number: 10, Delay: +2565291.0ns
Sequence Number: 11, Delay: +24489843.0ns
Sequence Number: 12, Delay: +2565296.0ns
Sequence Number: 13, Delay: +15818563.0ns
Sequence Number: 14, Delay: +2565511.0ns
Sequence Number: 15, Delay: +2565506.0ns
Sequence Number: 16, Delay: +2565303.0ns
Sequence Number: 17, Delay: +2565305.0ns
Finished simulation 619 at 15:26:33  😃. Execution duration: 934 sec.
Waf: Entering directory `/home/liad/NS3/ns-allinone-3.19/ns-3.19/build'
Waf: Leaving directory `/home/liad/NS3/ns-allinone-3.19/ns-3.19/build'
'build' finished successfully (0.502s)
Sequence Number: 2, Delay: +16952176.0ns
Sequence Number: 3, Delay: +5902389.0ns
Sequence Number: 5, Delay: +12979643.0ns
Sequence Number: 6, Delay: +3452312.0ns
Sequence Number: 7, Delay: +1009069864.0ns
Sequence Number: 11, Delay: +4738536.0ns
Sequence Number: 12, Delay: +3452374.0ns
Sequence Number: 13, Delay: +3452363.0ns
Finished simulation 620 at 15:40:54  😃. Execution duration: 861 sec.
Waf: Entering directory `/home/liad/NS3/ns-allinone-3.19/ns-3.19/build'
Waf: Leaving directory `/home/liad/NS3/ns-allinone-3.19/ns-3.19/build'
'build' finished successfully (0.499s)
Sequence Number: 0, Delay: +19688635.0ns
Sequence Number: 1, Delay: +3592554.0ns
Sequence Number: 2, Delay: +2565576.0ns
Sequence Number: 3, Delay: +16869991.0ns
Sequence Number: 4, Delay: +3451998.0ns
Sequence Number: 5, Delay: +3451995.0ns
Sequence Number: 6, Delay: +3451992.0ns
Sequence Number: 7, Delay: +3451983.0ns
Sequence Number: 8, Delay: +2565629.0ns
Sequence Number: 9, Delay: +2565622.0ns
Sequence Number: 10, Delay: +2565604.0ns
Sequence Number: 11, Delay: +2565595.0ns
Sequence Number: 12, Delay: +2565591.0ns
Sequence Number: 13, Delay: +7878837.0ns
Sequence Number: 14, Delay: +2565628.0ns
Sequence Number: 15, Delay: +2565624.0ns
Sequence Number: 16, Delay: +2565616.0ns
Sequence Number: 17, Delay: +2565603.0ns
Finished simulation 623 at 15:54:14  😃. Execution duration: 800 sec.
Waf: Entering directory `/home/liad/NS3/ns-allinone-3.19/ns-3.19/build'
Waf: Leaving directory `/home/liad/NS3/ns-allinone-3.19/ns-3.19/build'
'build' finished successfully (0.486s)
Sequence Number: 13, Delay: +17341119.0ns
Sequence Number: 14, Delay: +4338730.0ns
Sequence Number: 15, Delay: +4338744.0ns
Sequence Number: 16, Delay: +15350526.0ns
Finished simulation 629 at 16:06:48  😃. Execution duration: 754 sec.
Waf: Entering directory `/home/liad/NS3/ns-allinone-3.19/ns-3.19/build'
Waf: Leaving directory `/home/liad/NS3/ns-allinone-3.19/ns-3.19/build'
'build' finished successfully (0.492s)
Sequence Number: 0, Delay: +13765340.0ns
Sequence Number: 1, Delay: +2565790.0ns
Sequence Number: 2, Delay: +2565749.0ns
Sequence Number: 3, Delay: +2565727.0ns
Sequence Number: 4, Delay: +13218764.0ns
Sequence Number: 5, Delay: +9331006.0ns
Sequence Number: 6, Delay: +2565735.0ns
Sequence Number: 7, Delay: +2565751.0ns
Sequence Number: 8, Delay: +2565759.0ns
Sequence Number: 9, Delay: +2565759.0ns
Sequence Number: 10, Delay: +2565749.0ns
Sequence Number: 11, Delay: +2565737.0ns
Sequence Number: 12, Delay: +2565722.0ns
Sequence Number: 13, Delay: +2565705.0ns
Sequence Number: 14, Delay: +2565696.0ns
Sequence Number: 15, Delay: +11200739.0ns
Sequence Number: 16, Delay: +17101585.0ns
Sequence Number: 17, Delay: +2565538.0ns
Finished simulation 631 at 16:20:33  😃. Execution duration: 825 sec.
Waf: Entering directory `/home/liad/NS3/ns-allinone-3.19/ns-3.19/build'
Waf: Leaving directory `/home/liad/NS3/ns-allinone-3.19/ns-3.19/build'
'build' finished successfully (0.492s)
Sequence Number: 0, Delay: +15417306.0ns
Sequence Number: 1, Delay: +1679118.0ns
Sequence Number: 2, Delay: +1679117.0ns
Sequence Number: 3, Delay: +1679113.0ns
Sequence Number: 4, Delay: +1679106.0ns
Sequence Number: 5, Delay: +1679119.0ns
Sequence Number: 6, Delay: +1679129.0ns
Sequence Number: 7, Delay: +1679136.0ns
Sequence Number: 8, Delay: +2580122.0ns
Sequence Number: 9, Delay: +1679120.0ns
Sequence Number: 10, Delay: +11389895.0ns
Sequence Number: 14, Delay: +1679071.0ns
Sequence Number: 15, Delay: +1679079.0ns
Sequence Number: 16, Delay: +1678969.0ns
Sequence Number: 17, Delay: +1678973.0ns
Finished simulation 634 at 16:32:53  😃. Execution duration: 740 sec.
Waf: Entering directory `/home/liad/NS3/ns-allinone-3.19/ns-3.19/build'
Waf: Leaving directory `/home/liad/NS3/ns-allinone-3.19/ns-3.19/build'
'build' finished successfully (0.486s)
Sequence Number: 0, Delay: +8910162.0ns
Sequence Number: 3, Delay: +16583893.0ns
Sequence Number: 4, Delay: +6828495.0ns
Sequence Number: 5, Delay: +13641909.0ns
Sequence Number: 6, Delay: +3452226.0ns
Sequence Number: 7, Delay: +3452224.0ns
Sequence Number: 8, Delay: +3452193.0ns
Sequence Number: 9, Delay: +4596185.0ns
Sequence Number: 11, Delay: +19435896.0ns
Finished simulation 635 at 16:44:44  😃. Execution duration: 711 sec.
Waf: Entering directory `/home/liad/NS3/ns-allinone-3.19/ns-3.19/build'
Waf: Leaving directory `/home/liad/NS3/ns-allinone-3.19/ns-3.19/build'
'build' finished successfully (0.501s)
Sequence Number: 5, Delay: +19681666.0ns
Sequence Number: 6, Delay: +3452231.0ns
Sequence Number: 7, Delay: +3452214.0ns
Sequence Number: 8, Delay: +3452191.0ns
Sequence Number: 9, Delay: +12105705.0ns
Sequence Number: 10, Delay: +3452343.0ns
Sequence Number: 11, Delay: +18177449.0ns
Sequence Number: 12, Delay: +4587244.0ns
Sequence Number: 13, Delay: +17520909.0ns
Sequence Number: 14, Delay: +3452014.0ns
Sequence Number: 15, Delay: +3452026.0ns
Sequence Number: 16, Delay: +3452042.0ns
Sequence Number: 17, Delay: +3452036.0ns
Finished simulation 636 at 16:56:29  😃. Execution duration: 705 sec.
Waf: Entering directory `/home/liad/NS3/ns-allinone-3.19/ns-3.19/build'
Waf: Leaving directory `/home/liad/NS3/ns-allinone-3.19/ns-3.19/build'
'build' finished successfully (0.486s)
Finished simulation 639 at 17:05:54  😃. Execution duration: 565 sec.
Waf: Entering directory `/home/liad/NS3/ns-allinone-3.19/ns-3.19/build'
Waf: Leaving directory `/home/liad/NS3/ns-allinone-3.19/ns-3.19/build'
'build' finished successfully (0.485s)
Sequence Number: 3, Delay: +23177223.0ns
Sequence Number: 4, Delay: +3037660956.0ns
Sequence Number: 5, Delay: +1038637978.0ns
Sequence Number: 7, Delay: +34364990.0ns
Sequence Number: 8, Delay: +14581629.0ns
Sequence Number: 9, Delay: +14722684.0ns
Finished simulation 640 at 17:17:42  😃. Execution duration: 708 sec.
Waf: Entering directory `/home/liad/NS3/ns-allinone-3.19/ns-3.19/build'
Waf: Leaving directory `/home/liad/NS3/ns-allinone-3.19/ns-3.19/build'
'build' finished successfully (0.512s)
Sequence Number: 0, Delay: +10290033.0ns
Sequence Number: 1, Delay: +2565713.0ns
Sequence Number: 2, Delay: +2565709.0ns
Sequence Number: 3, Delay: +4495567.0ns
Sequence Number: 4, Delay: +2565750.0ns
Sequence Number: 5, Delay: +2565761.0ns
Sequence Number: 6, Delay: +2565770.0ns
Sequence Number: 7, Delay: +2565775.0ns
Sequence Number: 8, Delay: +2565766.0ns
Sequence Number: 9, Delay: +2565771.0ns
Sequence Number: 10, Delay: +2565790.0ns
Sequence Number: 14, Delay: +25951264.0ns
Finished simulation 644 at 17:30:45  😃. Execution duration: 783 sec.
Waf: Entering directory `/home/liad/NS3/ns-allinone-3.19/ns-3.19/build'
Waf: Leaving directory `/home/liad/NS3/ns-allinone-3.19/ns-3.19/build'
'build' finished successfully (0.520s)
Sequence Number: 0, Delay: +46098840.0ns
Sequence Number: 1, Delay: +12878341.0ns
Sequence Number: 2, Delay: +5225255.0ns
Sequence Number: 3, Delay: +40910968.0ns
Sequence Number: 4, Delay: +5225066.0ns
Sequence Number: 5, Delay: +6144059.0ns
Sequence Number: 6, Delay: +9564771.0ns
Sequence Number: 7, Delay: +5225133.0ns
Sequence Number: 10, Delay: +4338928.0ns
Sequence Number: 11, Delay: +4338924.0ns
Sequence Number: 12, Delay: +4338938.0ns
Sequence Number: 13, Delay: +4338970.0ns
Sequence Number: 14, Delay: +4338950.0ns
Sequence Number: 15, Delay: +4338935.0ns
Sequence Number: 16, Delay: +4338926.0ns
Sequence Number: 17, Delay: +4338943.0ns
Finished simulation 646 at 17:42:22  😃. Execution duration: 697 sec.
Waf: Entering directory `/home/liad/NS3/ns-allinone-3.19/ns-3.19/build'
Waf: Leaving directory `/home/liad/NS3/ns-allinone-3.19/ns-3.19/build'
'build' finished successfully (0.487s)
Sequence Number: 0, Delay: +34971484.0ns
Sequence Number: 1, Delay: +4338837.0ns
Sequence Number: 2, Delay: +4338841.0ns
Sequence Number: 3, Delay: +4338847.0ns
Sequence Number: 4, Delay: +4338858.0ns
Sequence Number: 5, Delay: +4338882.0ns
Sequence Number: 6, Delay: +4338895.0ns
Sequence Number: 7, Delay: +4338898.0ns
Sequence Number: 8, Delay: +4338891.0ns
Sequence Number: 9, Delay: +4338882.0ns
Sequence Number: 14, Delay: +23349988.0ns
Sequence Number: 15, Delay: +8382783.0ns
Finished simulation 647 at 17:55:51  😃. Execution duration: 809 sec.
Waf: Entering directory `/home/liad/NS3/ns-allinone-3.19/ns-3.19/build'
Waf: Leaving directory `/home/liad/NS3/ns-allinone-3.19/ns-3.19/build'
'build' finished successfully (0.483s)
Sequence Number: 0, Delay: +5344787.0ns
Sequence Number: 1, Delay: +1678918.0ns
Sequence Number: 2, Delay: +1678923.0ns
Sequence Number: 3, Delay: +1678925.0ns
Sequence Number: 4, Delay: +1678923.0ns
Sequence Number: 5, Delay: +1678910.0ns
Sequence Number: 6, Delay: +1678909.0ns
Sequence Number: 7, Delay: +20479694.0ns
Sequence Number: 8, Delay: +1678887.0ns
Sequence Number: 9, Delay: +1678882.0ns
Sequence Number: 10, Delay: +1678881.0ns
Sequence Number: 11, Delay: +1678885.0ns
Sequence Number: 12, Delay: +1678888.0ns
Sequence Number: 13, Delay: +1678891.0ns
Sequence Number: 14, Delay: +1678888.0ns
Sequence Number: 15, Delay: +1678887.0ns
Sequence Number: 16, Delay: +1678887.0ns
Sequence Number: 17, Delay: +1678881.0ns
Finished simulation 649 at 18:09:36  😃. Execution duration: 825 sec.
